#-----------------------------------------------------------
# Vivado v2018.3 (64-bit)
# SW Build 2405991 on Thu Dec  6 23:38:27 MST 2018
# IP Build 2404404 on Fri Dec  7 01:43:56 MST 2018
# Start of session at: Tue Jul  6 08:46:10 2021
# Process ID: 11892
# Current directory: C:/Users/Administrator/Desktop/CPU_SingleCycle
# Command line: vivado.exe -gui_launcher_event rodinguilauncherevent12692 C:\Users\Administrator\Desktop\CPU_SingleCycle\CPU_SingleCycle.xpr
# Log file: C:/Users/Administrator/Desktop/CPU_SingleCycle/vivado.log
# Journal file: C:/Users/Administrator/Desktop/CPU_SingleCycle\vivado.jou
#-----------------------------------------------------------
start_gui
open_project C:/Users/Administrator/Desktop/CPU_SingleCycle/CPU_SingleCycle.xpr
Scanning sources...
Finished scanning sources
INFO: [IP_Flow 19-234] Refreshing IP repositories
INFO: [IP_Flow 19-1704] No user IP repositories specified
INFO: [IP_Flow 19-2313] Loaded Vivado IP repository 'C:/Xilinx/Vivado/2018.3/data/ip'.
update_compile_order -fileset sources_1
close [ open C:/Users/Administrator/Desktop/CPU_SingleCycle/CPU_SingleCycle.srcs/sources_1/new/NPC.v w ]
add_files C:/Users/Administrator/Desktop/CPU_SingleCycle/CPU_SingleCycle.srcs/sources_1/new/NPC.v
update_compile_order -fileset sources_1
WARNING: [filemgmt 56-199] Attempt to get parsing info during refresh. "On-the-fly" syntax checking information may be incorrect. [C:/Users/Administrator/Desktop/CPU_SingleCycle/CPU_SingleCycle.srcs/sources_1/new/DRAM.v:]
WARNING: [filemgmt 56-199] Attempt to get parsing info during refresh. "On-the-fly" syntax checking information may be incorrect. [C:/Users/Administrator/Desktop/CPU_SingleCycle/CPU_SingleCycle.srcs/sources_1/new/NPC.v:]
WARNING: [filemgmt 56-199] Attempt to get parsing info during refresh. "On-the-fly" syntax checking information may be incorrect. [C:/Users/Administrator/Desktop/CPU_SingleCycle/CPU_SingleCycle.srcs/sources_1/new/PC.v:]
WARNING: [filemgmt 56-199] Attempt to get parsing info during refresh. "On-the-fly" syntax checking information may be incorrect. [C:/Users/Administrator/Desktop/CPU_SingleCycle/CPU_SingleCycle.srcs/sources_1/new/IROM.v:]
WARNING: [filemgmt 56-199] Attempt to get parsing info during refresh. "On-the-fly" syntax checking information may be incorrect. [C:/Users/Administrator/Desktop/CPU_SingleCycle/CPU_SingleCycle.srcs/sources_1/new/DRAM.v:]
WARNING: [filemgmt 56-199] Attempt to get parsing info during refresh. "On-the-fly" syntax checking information may be incorrect. [C:/Users/Administrator/Desktop/CPU_SingleCycle/CPU_SingleCycle.srcs/sources_1/new/NPC.v:]
WARNING: [filemgmt 56-199] Attempt to get parsing info during refresh. "On-the-fly" syntax checking information may be incorrect. [C:/Users/Administrator/Desktop/CPU_SingleCycle/CPU_SingleCycle.srcs/sources_1/new/PC.v:]
WARNING: [filemgmt 56-199] Attempt to get parsing info during refresh. "On-the-fly" syntax checking information may be incorrect. [C:/Users/Administrator/Desktop/CPU_SingleCycle/CPU_SingleCycle.srcs/sources_1/new/IROM.v:]
WARNING: [filemgmt 56-199] Attempt to get parsing info during refresh. "On-the-fly" syntax checking information may be incorrect. [C:/Users/Administrator/Desktop/CPU_SingleCycle/CPU_SingleCycle.srcs/sources_1/new/DRAM.v:]
WARNING: [filemgmt 56-199] Attempt to get parsing info during refresh. "On-the-fly" syntax checking information may be incorrect. [C:/Users/Administrator/Desktop/CPU_SingleCycle/CPU_SingleCycle.srcs/sources_1/new/NPC.v:]
WARNING: [filemgmt 56-199] Attempt to get parsing info during refresh. "On-the-fly" syntax checking information may be incorrect. [C:/Users/Administrator/Desktop/CPU_SingleCycle/CPU_SingleCycle.srcs/sources_1/new/PC.v:]
WARNING: [filemgmt 56-199] Attempt to get parsing info during refresh. "On-the-fly" syntax checking information may be incorrect. [C:/Users/Administrator/Desktop/CPU_SingleCycle/CPU_SingleCycle.srcs/sources_1/new/IROM.v:]
close [ open C:/Users/Administrator/Desktop/CPU_SingleCycle/CPU_SingleCycle.srcs/sources_1/new/Top_PC.v w ]
add_files C:/Users/Administrator/Desktop/CPU_SingleCycle/CPU_SingleCycle.srcs/sources_1/new/Top_PC.v
update_compile_order -fileset sources_1
export_ip_user_files -of_objects  [get_files C:/Users/Administrator/Desktop/CPU_SingleCycle/CPU_SingleCycle.srcs/sources_1/new/ADDer.v] -no_script -reset -force -quiet
remove_files  C:/Users/Administrator/Desktop/CPU_SingleCycle/CPU_SingleCycle.srcs/sources_1/new/ADDer.v
file delete -force C:/Users/Administrator/Desktop/CPU_SingleCycle/CPU_SingleCycle.srcs/sources_1/new/ADDer.v
close [ open C:/Users/Administrator/Desktop/CPU_SingleCycle/CPU_SingleCycle.srcs/sources_1/new/CTRL_Unit.v w ]
add_files C:/Users/Administrator/Desktop/CPU_SingleCycle/CPU_SingleCycle.srcs/sources_1/new/CTRL_Unit.v
update_compile_order -fileset sources_1
exit
INFO: [Common 17-206] Exiting Vivado at Tue Jul  6 12:15:00 2021...
